Software Version: 2024.1.0.3
Programmer 'S2011JOGRF' : JTAG TCK / SPI SCK frequency = 1 MHz
programmer 'S2011JOGRF' : FlashPro5
Opened 'C:\Users\Lucas\Documents\Nascerr\FPGA_design\FPGA2memory\designer\prj_2_memory_sb\prj_2_memory_sb_fp\prj_2_memory_sb.pro'
The 'open_project' command succeeded.
Info: Programming is already enabled for device 'M2S025T'.
The 'enable_device' command succeeded.
PPD file 'C:/Users/Lucas/Documents/Nascerr/FPGA_design/FPGA2memory/designer/prj_2_memory_sb/prj_2_memory_sb.ppd' has been loaded successfully.
DESIGN : prj_2_memory_sb;  CHECKSUM : 877C;  PDB_VERSION : 1.0
The 'set_programming_file' command succeeded.
The 'set_programming_action' command succeeded.
programmer 'S2011JOGRF' : Scan Chain...
Programmer 'S2011JOGRF' : JTAG TCK / SPI SCK frequency = 1 MHz
programmer 'S2011JOGRF' : Check Chain...
programmer 'S2011JOGRF' : Scan and Check Chain PASSED.
programmer 'S2011JOGRF' : device 'M2S025T' : Executing action PROGRAM
Programmer 'S2011JOGRF' : JTAG TCK / SPI SCK frequency = 4 MHz
programmer 'S2011JOGRF' : device 'M2S025T' : Family: SmartFusion2
programmer 'S2011JOGRF' : device 'M2S025T' : Product:      M2S025
programmer 'S2011JOGRF' : device 'M2S025T' : Cortex-M3 Enabled (M3_ALLOWED = 1)
programmer 'S2011JOGRF' : device 'M2S025T' : Programming Interface Protocol: JTAG
programmer 'S2011JOGRF' : device 'M2S025T' : EXPORT ISC_ENABLE_RESULT[32] = 005c6824
programmer 'S2011JOGRF' : device 'M2S025T' : EXPORT CRCERR[1] = 0
programmer 'S2011JOGRF' : device 'M2S025T' : EXPORT EDCERR[1] = 0
programmer 'S2011JOGRF' : device 'M2S025T' : Programming FPGA Array...
programmer 'S2011JOGRF' : device 'M2S025T' : EXPORT Fabric component digest[256] = 8bbe667b52b03cba74dd513c5562fc477a03ebe4e38e898e5229bf1a60586877
programmer 'S2011JOGRF' : device 'M2S025T' : ===================================================================================
programmer 'S2011JOGRF' : device 'M2S025T' : EXPORT DSN[128] = f80c503607d39488d77c978944a70e6c
programmer 'S2011JOGRF' : device 'M2S025T' : ===================================================================================
programmer 'S2011JOGRF' : device 'M2S025T' : Finished: Thu Jul 24 13:30:18 2025 (Elapsed time 00:00:30)
programmer 'S2011JOGRF' : device 'M2S025T' : Executing action PROGRAM PASSED.
programmer 'S2011JOGRF' : Chain programming PASSED.
Chain Programming Finished: Thu Jul 24 13:30:18 2025 (Elapsed time 00:00:30)

                        o - o - o - o - o - o

The 'run_selected_actions' command succeeded.
Project saved.
The 'save_project' command succeeded.
Project closed.
The 'close_project' command succeeded.
The Execute Script command succeeded.
